2025-08-13 10:57:10,862 1221229 INFO ? odoo: Odoo version 18.0 
2025-08-13 10:57:10,862 1221229 INFO ? odoo: Using configuration file at /opt/muppy/appserver-sunray18/etc/odoo.buildit.cfg 
2025-08-13 10:57:10,862 1221229 INFO ? odoo: addons paths: ['/opt/muppy/appserver-sunray18/parts/odoo18/odoo/addons', '/home/muppy/.local/share/Odoo/addons/18.0', '/opt/muppy/appserver-sunray18/parts/odoo18/addons', '/opt/muppy/appserver-sunray18/sunray_server', '/opt/muppy/appserver-sunray18/parts/inouk_addons'] 
2025-08-13 10:57:10,862 1221229 INFO ? odoo: database: cmorisse_sunray18_d4@100.65.185.8:5432 
2025-08-13 10:57:10,916 1221229 INFO ? odoo.addons.base.models.ir_actions_report: Will use the Wkhtmltopdf binary at /usr/local/bin/wkhtmltopdf 
2025-08-13 10:57:10,921 1221229 INFO ? odoo.addons.base.models.ir_actions_report: Will use the Wkhtmltoimage binary at /usr/local/bin/wkhtmltoimage 
2025-08-13 10:57:11,000 1221229 INFO ? odoo.service.server: HTTP service (werkzeug) running on 0.0.0.0:8069 
2025-08-13 10:57:11,010 1221229 INFO cmorisse_sunray18_d4_001 odoo.modules.loading: loading 1 modules... 
2025-08-13 10:57:11,013 1221229 INFO cmorisse_sunray18_d4_001 odoo.modules.loading: 1 modules loaded in 0.00s, 0 queries (+0 extra) 
2025-08-13 10:57:11,016 1221229 INFO cmorisse_sunray18_d4_001 odoo.modules.loading: loading 13 modules... 
2025-08-13 10:57:11,112 1221229 INFO cmorisse_sunray18_d4_001 odoo.modules.loading: 13 modules loaded in 0.10s, 0 queries (+0 extra) 
2025-08-13 10:57:11,126 1221229 INFO cmorisse_sunray18_d4_001 odoo.modules.loading: Modules loaded. 
2025-08-13 10:57:11,127 1221229 INFO cmorisse_sunray18_d4_001 odoo.modules.registry: Registry loaded in 0.126s 
2025-08-13 10:57:11,127 1221229 INFO cmorisse_sunray18_d4_001 odoo.sql_db: ConnectionPool(read/write;used=0/count=0/max=256): Closed 1 connections  
2025-08-13 10:57:11,131 1221232 INFO cmorisse_sunray18_d4_001 odoo.service.server: Worker WorkerHTTP (1221232) alive 
2025-08-13 10:57:11,131 1221233 INFO cmorisse_sunray18_d4_001 odoo.service.server: Worker WorkerHTTP (1221233) alive 
2025-08-13 10:57:11,132 1221234 INFO cmorisse_sunray18_d4_001 odoo.service.server: Worker WorkerHTTP (1221234) alive 
2025-08-13 10:57:11,134 1221236 INFO cmorisse_sunray18_d4_001 odoo.service.server: Worker WorkerHTTP (1221236) alive 
2025-08-13 10:57:11,136 1221240 INFO cmorisse_sunray18_d4_001 odoo.service.server: Worker WorkerCron (1221240) alive 
2025-08-13 10:57:11,137 1221242 INFO cmorisse_sunray18_d4_001 odoo.service.server: Worker WorkerCron (1221242) alive 
2025-08-13 10:57:11,461 1221238 INFO ? odoo: Odoo version 18.0 
2025-08-13 10:57:11,461 1221238 INFO ? odoo: Using configuration file at /opt/muppy/appserver-sunray18/etc/odoo.buildit.cfg 
2025-08-13 10:57:11,461 1221238 INFO ? odoo: addons paths: ['/opt/muppy/appserver-sunray18/parts/odoo18/odoo/addons', '/home/muppy/.local/share/Odoo/addons/18.0', '/opt/muppy/appserver-sunray18/parts/odoo18/addons', '/opt/muppy/appserver-sunray18/sunray_server', '/opt/muppy/appserver-sunray18/parts/inouk_addons'] 
2025-08-13 10:57:11,461 1221238 INFO ? odoo: database: cmorisse_sunray18_d4@100.65.185.8:5432 
2025-08-13 10:57:11,523 1221238 INFO ? odoo.addons.base.models.ir_actions_report: Will use the Wkhtmltopdf binary at /usr/local/bin/wkhtmltopdf 
2025-08-13 10:57:11,531 1221238 INFO ? odoo.addons.base.models.ir_actions_report: Will use the Wkhtmltoimage binary at /usr/local/bin/wkhtmltoimage 
2025-08-13 10:57:11,616 1221238 INFO ? odoo.service.server: Evented Service (longpolling) running on 0.0.0.0:8072 
2025-08-13 10:57:32,464 1221236 INFO cmorisse_sunray18_d4_001 odoo.service.server: Worker (1221236) exiting. request_count: 0, registry count: 1. 
2025-08-13 10:57:32,464 1221229 INFO cmorisse_sunray18_d4_001 odoo.service.server: Stopping gracefully 
2025-08-13 10:57:32,464 1221234 INFO cmorisse_sunray18_d4_001 odoo.service.server: Worker (1221234) exiting. request_count: 0, registry count: 1. 
2025-08-13 10:57:32,464 1221233 INFO cmorisse_sunray18_d4_001 odoo.service.server: Worker (1221233) exiting. request_count: 0, registry count: 1. 
2025-08-13 10:57:32,464 1221232 INFO cmorisse_sunray18_d4_001 odoo.service.server: Worker (1221232) exiting. request_count: 0, registry count: 1. 
2025-08-13 10:57:32,484 1221242 INFO cmorisse_sunray18_d4_001 odoo.service.server: Worker (1221242) exiting. request_count: 0, registry count: 1. 
2025-08-13 10:57:32,564 1221240 INFO cmorisse_sunray18_d4_001 odoo.service.server: Worker (1221240) exiting. request_count: 0, registry count: 1. 
2025-08-13 10:57:32,664 1221229 INFO cmorisse_sunray18_d4_001 odoo.service.server: Forced shutdown. 
2025-08-13 10:59:18,827 1223668 INFO ? odoo: Odoo version 18.0 
2025-08-13 10:59:18,827 1223668 INFO ? odoo: Using configuration file at /opt/muppy/appserver-sunray18/etc/odoo.buildit.cfg 
2025-08-13 10:59:18,827 1223668 INFO ? odoo: addons paths: ['/opt/muppy/appserver-sunray18/parts/odoo18/odoo/addons', '/home/muppy/.local/share/Odoo/addons/18.0', '/opt/muppy/appserver-sunray18/parts/odoo18/addons', '/opt/muppy/appserver-sunray18/sunray_server', '/opt/muppy/appserver-sunray18/parts/inouk_addons'] 
2025-08-13 10:59:18,827 1223668 INFO ? odoo: database: cmorisse_sunray18_d4@100.65.185.8:5432 
2025-08-13 10:59:18,884 1223668 INFO ? odoo.addons.base.models.ir_actions_report: Will use the Wkhtmltopdf binary at /usr/local/bin/wkhtmltopdf 
2025-08-13 10:59:18,889 1223668 INFO ? odoo.addons.base.models.ir_actions_report: Will use the Wkhtmltoimage binary at /usr/local/bin/wkhtmltoimage 
2025-08-13 10:59:18,970 1223668 INFO ? odoo.service.server: HTTP service (werkzeug) running on 0.0.0.0:8069 
2025-08-13 10:59:18,979 1223668 INFO cmorisse_sunray18_d4_001 odoo.modules.loading: loading 1 modules... 
2025-08-13 10:59:18,981 1223668 INFO cmorisse_sunray18_d4_001 odoo.modules.loading: 1 modules loaded in 0.00s, 0 queries (+0 extra) 
2025-08-13 10:59:18,984 1223668 INFO cmorisse_sunray18_d4_001 odoo.modules.loading: loading 13 modules... 
2025-08-13 10:59:19,080 1223668 INFO cmorisse_sunray18_d4_001 odoo.modules.loading: 13 modules loaded in 0.10s, 0 queries (+0 extra) 
2025-08-13 10:59:19,093 1223668 INFO cmorisse_sunray18_d4_001 odoo.modules.loading: Modules loaded. 
2025-08-13 10:59:19,094 1223668 INFO cmorisse_sunray18_d4_001 odoo.modules.registry: Registry loaded in 0.124s 
2025-08-13 10:59:19,095 1223668 INFO cmorisse_sunray18_d4_001 odoo.sql_db: ConnectionPool(read/write;used=0/count=0/max=256): Closed 1 connections  
2025-08-13 10:59:19,098 1223671 INFO cmorisse_sunray18_d4_001 odoo.service.server: Worker WorkerHTTP (1223671) alive 
2025-08-13 10:59:19,099 1223672 INFO cmorisse_sunray18_d4_001 odoo.service.server: Worker WorkerHTTP (1223672) alive 
2025-08-13 10:59:19,100 1223673 INFO cmorisse_sunray18_d4_001 odoo.service.server: Worker WorkerHTTP (1223673) alive 
2025-08-13 10:59:19,102 1223675 INFO cmorisse_sunray18_d4_001 odoo.service.server: Worker WorkerHTTP (1223675) alive 
2025-08-13 10:59:19,104 1223679 INFO cmorisse_sunray18_d4_001 odoo.service.server: Worker WorkerCron (1223679) alive 
2025-08-13 10:59:19,105 1223681 INFO cmorisse_sunray18_d4_001 odoo.service.server: Worker WorkerCron (1223681) alive 
2025-08-13 10:59:19,433 1223677 INFO ? odoo: Odoo version 18.0 
2025-08-13 10:59:19,433 1223677 INFO ? odoo: Using configuration file at /opt/muppy/appserver-sunray18/etc/odoo.buildit.cfg 
2025-08-13 10:59:19,433 1223677 INFO ? odoo: addons paths: ['/opt/muppy/appserver-sunray18/parts/odoo18/odoo/addons', '/home/muppy/.local/share/Odoo/addons/18.0', '/opt/muppy/appserver-sunray18/parts/odoo18/addons', '/opt/muppy/appserver-sunray18/sunray_server', '/opt/muppy/appserver-sunray18/parts/inouk_addons'] 
2025-08-13 10:59:19,433 1223677 INFO ? odoo: database: cmorisse_sunray18_d4@100.65.185.8:5432 
2025-08-13 10:59:19,492 1223677 INFO ? odoo.addons.base.models.ir_actions_report: Will use the Wkhtmltopdf binary at /usr/local/bin/wkhtmltopdf 
2025-08-13 10:59:19,501 1223677 INFO ? odoo.addons.base.models.ir_actions_report: Will use the Wkhtmltoimage binary at /usr/local/bin/wkhtmltoimage 
2025-08-13 10:59:19,588 1223677 INFO ? odoo.service.server: Evented Service (longpolling) running on 0.0.0.0:8072 
2025-08-13 10:59:23,407 1223668 INFO cmorisse_sunray18_d4_001 odoo.service.server: Stopping gracefully 
2025-08-13 10:59:23,407 1223673 INFO cmorisse_sunray18_d4_001 odoo.service.server: Worker (1223673) exiting. request_count: 0, registry count: 1. 
2025-08-13 10:59:23,407 1223671 INFO cmorisse_sunray18_d4_001 odoo.service.server: Worker (1223671) exiting. request_count: 0, registry count: 1. 
2025-08-13 10:59:23,407 1223672 INFO cmorisse_sunray18_d4_001 odoo.service.server: Worker (1223672) exiting. request_count: 0, registry count: 1. 
2025-08-13 10:59:23,407 1223675 INFO cmorisse_sunray18_d4_001 odoo.service.server: Worker (1223675) exiting. request_count: 0, registry count: 1. 
2025-08-13 10:59:23,417 1223681 INFO cmorisse_sunray18_d4_001 odoo.service.server: Worker (1223681) exiting. request_count: 0, registry count: 1. 
2025-08-13 10:59:23,497 1223679 INFO cmorisse_sunray18_d4_001 odoo.service.server: Worker (1223679) exiting. request_count: 0, registry count: 1. 
2025-08-13 10:59:23,708 1223668 INFO cmorisse_sunray18_d4_001 odoo.service.server: Forced shutdown. 
2025-08-13 11:00:31,905 1224362 INFO ? odoo: Odoo version 18.0 
2025-08-13 11:00:31,905 1224362 INFO ? odoo: Using configuration file at /opt/muppy/appserver-sunray18/etc/odoo.buildit.cfg 
2025-08-13 11:00:31,906 1224362 INFO ? odoo: addons paths: ['/opt/muppy/appserver-sunray18/parts/odoo18/odoo/addons', '/home/muppy/.local/share/Odoo/addons/18.0', '/opt/muppy/appserver-sunray18/parts/odoo18/addons', '/opt/muppy/appserver-sunray18/sunray_server', '/opt/muppy/appserver-sunray18/parts/inouk_addons'] 
2025-08-13 11:00:31,906 1224362 INFO ? odoo: database: cmorisse_sunray18_d4@100.65.185.8:5432 
2025-08-13 11:00:31,959 1224362 INFO ? odoo.addons.base.models.ir_actions_report: Will use the Wkhtmltopdf binary at /usr/local/bin/wkhtmltopdf 
2025-08-13 11:00:31,965 1224362 INFO ? odoo.addons.base.models.ir_actions_report: Will use the Wkhtmltoimage binary at /usr/local/bin/wkhtmltoimage 
2025-08-13 11:00:32,049 1224362 INFO ? odoo.service.server: HTTP service (werkzeug) running on 0.0.0.0:8069 
2025-08-13 11:00:32,059 1224362 INFO cmorisse_sunray18_d4_001 odoo.modules.loading: loading 1 modules... 
2025-08-13 11:00:32,061 1224362 INFO cmorisse_sunray18_d4_001 odoo.modules.loading: 1 modules loaded in 0.00s, 0 queries (+0 extra) 
2025-08-13 11:00:32,064 1224362 INFO cmorisse_sunray18_d4_001 odoo.modules.loading: loading 13 modules... 
2025-08-13 11:00:32,159 1224362 INFO cmorisse_sunray18_d4_001 odoo.modules.loading: 13 modules loaded in 0.09s, 0 queries (+0 extra) 
2025-08-13 11:00:32,172 1224362 INFO cmorisse_sunray18_d4_001 odoo.modules.loading: Modules loaded. 
2025-08-13 11:00:32,173 1224362 INFO cmorisse_sunray18_d4_001 odoo.modules.registry: Registry loaded in 0.124s 
2025-08-13 11:00:32,174 1224362 INFO cmorisse_sunray18_d4_001 odoo.sql_db: ConnectionPool(read/write;used=0/count=0/max=256): Closed 1 connections  
2025-08-13 11:00:32,177 1224367 INFO cmorisse_sunray18_d4_001 odoo.service.server: Worker WorkerHTTP (1224367) alive 
2025-08-13 11:00:32,178 1224368 INFO cmorisse_sunray18_d4_001 odoo.service.server: Worker WorkerHTTP (1224368) alive 
2025-08-13 11:00:32,179 1224369 INFO cmorisse_sunray18_d4_001 odoo.service.server: Worker WorkerHTTP (1224369) alive 
2025-08-13 11:00:32,180 1224371 INFO cmorisse_sunray18_d4_001 odoo.service.server: Worker WorkerHTTP (1224371) alive 
2025-08-13 11:00:32,182 1224375 INFO cmorisse_sunray18_d4_001 odoo.service.server: Worker WorkerCron (1224375) alive 
2025-08-13 11:00:32,183 1224377 INFO cmorisse_sunray18_d4_001 odoo.service.server: Worker WorkerCron (1224377) alive 
2025-08-13 11:00:32,508 1224373 INFO ? odoo: Odoo version 18.0 
2025-08-13 11:00:32,508 1224373 INFO ? odoo: Using configuration file at /opt/muppy/appserver-sunray18/etc/odoo.buildit.cfg 
2025-08-13 11:00:32,509 1224373 INFO ? odoo: addons paths: ['/opt/muppy/appserver-sunray18/parts/odoo18/odoo/addons', '/home/muppy/.local/share/Odoo/addons/18.0', '/opt/muppy/appserver-sunray18/parts/odoo18/addons', '/opt/muppy/appserver-sunray18/sunray_server', '/opt/muppy/appserver-sunray18/parts/inouk_addons'] 
2025-08-13 11:00:32,509 1224373 INFO ? odoo: database: cmorisse_sunray18_d4@100.65.185.8:5432 
2025-08-13 11:00:32,567 1224373 INFO ? odoo.addons.base.models.ir_actions_report: Will use the Wkhtmltopdf binary at /usr/local/bin/wkhtmltopdf 
2025-08-13 11:00:32,577 1224373 INFO ? odoo.addons.base.models.ir_actions_report: Will use the Wkhtmltoimage binary at /usr/local/bin/wkhtmltoimage 
2025-08-13 11:00:32,662 1224373 INFO ? odoo.service.server: Evented Service (longpolling) running on 0.0.0.0:8072 
2025-08-13 11:00:43,704 1224373 INFO ? odoo.modules.loading: loading 1 modules... 
2025-08-13 11:00:43,707 1224373 INFO ? odoo.modules.loading: 1 modules loaded in 0.00s, 0 queries (+0 extra) 
2025-08-13 11:00:43,711 1224373 INFO ? odoo.modules.loading: loading 13 modules... 
2025-08-13 11:00:43,808 1224373 INFO ? odoo.modules.loading: 13 modules loaded in 0.10s, 0 queries (+0 extra) 
2025-08-13 11:00:43,821 1224373 INFO ? odoo.modules.loading: Modules loaded. 
2025-08-13 11:00:43,822 1224373 INFO ? odoo.modules.registry: Registry loaded in 0.129s 
2025-08-13 11:00:43,823 1224373 INFO cmorisse_sunray18_d4_001 odoo.addons.base.models.ir_http: Generating routing map for key None 
2025-08-13 11:00:44,273 1224373 INFO ? odoo.addons.bus.models.bus: Bus.loop listen imbus on db postgres 
2025-08-13 11:02:25,226 1226082 INFO ? odoo: Odoo version 18.0 
2025-08-13 11:02:25,226 1226082 INFO ? odoo: Using configuration file at /opt/muppy/appserver-sunray18/etc/odoo.buildit.cfg 
2025-08-13 11:02:25,226 1226082 INFO ? odoo: addons paths: ['/opt/muppy/appserver-sunray18/parts/odoo18/odoo/addons', '/home/muppy/.local/share/Odoo/addons/18.0', '/opt/muppy/appserver-sunray18/parts/odoo18/addons', '/opt/muppy/appserver-sunray18/sunray_server', '/opt/muppy/appserver-sunray18/parts/inouk_addons'] 
2025-08-13 11:02:25,226 1226082 INFO ? odoo: database: cmorisse_sunray18_d4@100.65.185.8:5432 
2025-08-13 11:02:25,282 1226082 INFO ? odoo.addons.base.models.ir_actions_report: Will use the Wkhtmltopdf binary at /usr/local/bin/wkhtmltopdf 
2025-08-13 11:02:25,288 1226082 INFO ? odoo.addons.base.models.ir_actions_report: Will use the Wkhtmltoimage binary at /usr/local/bin/wkhtmltoimage 
2025-08-13 11:02:25,372 1226082 INFO ? odoo.service.server: HTTP service (werkzeug) running on 0.0.0.0:8069 
2025-08-13 11:02:47,697 1224371 INFO cmorisse_sunray18_d4_001 odoo.addons.base.models.ir_http: Generating routing map for key None 
2025-08-13 11:02:47,720 1224371 INFO cmorisse_sunray18_d4_001 werkzeug: 2a06:98c0:3600::103 - - [13/Aug/2025 11:02:47] "GET /sunray-srvr/v1/config HTTP/1.1" 200 - 20 0.007 0.130
2025-08-13 11:03:48,922 1224369 INFO cmorisse_sunray18_d4_001 odoo.addons.base.models.ir_http: Generating routing map for key None 
2025-08-13 11:03:48,981 1224369 INFO cmorisse_sunray18_d4_001 werkzeug: 2a06:98c0:3600::103 - - [13/Aug/2025 11:03:48] "POST /sunray-srvr/v1/users/check HTTP/1.1" 200 - 11 0.004 0.169
2025-08-13 11:03:51,787 1224371 INFO cmorisse_sunray18_d4_001 werkzeug: 2a06:98c0:3600::103 - - [13/Aug/2025 11:03:51] "POST /sunray-srvr/v1/auth/verify HTTP/1.1" 200 - 11 0.002 0.012
2025-08-13 11:03:52,046 1224367 INFO cmorisse_sunray18_d4_001 odoo.addons.base.models.ir_http: Generating routing map for key None 
2025-08-13 11:03:52,069 1224367 INFO cmorisse_sunray18_d4_001 werkzeug: 2a06:98c0:3600::103 - - [13/Aug/2025 11:03:52] "POST /sunray-srvr/v1/sessions HTTP/1.1" 200 - 16 0.007 0.130
2025-08-13 11:16:06,183 1224369 INFO cmorisse_sunray18_d4_001 werkzeug: 2a06:98c0:3600::103 - - [13/Aug/2025 11:16:06] "GET /sunray-srvr/v1/config HTTP/1.1" 200 - 16 0.005 0.040
2025-08-13 11:20:40,164 1224368 INFO cmorisse_sunray18_d4_001 odoo.addons.base.models.ir_http: Generating routing map for key None 
2025-08-13 11:20:40,223 1224368 INFO cmorisse_sunray18_d4_001 werkzeug: 2a06:98c0:3600::103 - - [13/Aug/2025 11:20:40] "POST /sunray-srvr/v1/users/check HTTP/1.1" 200 - 11 0.004 0.171
2025-08-13 11:20:42,473 1224368 INFO cmorisse_sunray18_d4_001 werkzeug: 2a06:98c0:3600::103 - - [13/Aug/2025 11:20:42] "POST /sunray-srvr/v1/auth/verify HTTP/1.1" 200 - 12 0.003 0.012
2025-08-13 11:20:42,632 1224368 INFO cmorisse_sunray18_d4_001 werkzeug: 2a06:98c0:3600::103 - - [13/Aug/2025 11:20:42] "POST /sunray-srvr/v1/sessions HTTP/1.1" 200 - 11 0.002 0.012
2025-08-13 11:21:18,251 1224371 INFO cmorisse_sunray18_d4_001 werkzeug: 2a06:98c0:3600::103 - - [13/Aug/2025 11:21:18] "GET /sunray-srvr/v1/config HTTP/1.1" 200 - 15 0.004 0.018
2025-08-13 11:22:15,279 1224375 INFO cmorisse_sunray18_d4_001 odoo.addons.base.models.ir_cron: Job 'Sunray: Cleanup Expired Sessions' (41) starting 
2025-08-13 11:22:15,282 1224375 INFO cmorisse_sunray18_d4_001 odoo.addons.base.models.ir_cron: Job 'Sunray: Cleanup Expired Sessions' (41) done in 0.002s 
2025-08-13 11:22:15,295 1224375 INFO cmorisse_sunray18_d4_001 odoo.addons.base.models.ir_cron: Job 'Sunray: Cleanup Expired Sessions' (41) processed 0 records, 0 records remaining 
2025-08-13 11:22:15,298 1224375 INFO cmorisse_sunray18_d4_001 odoo.addons.base.models.ir_cron: Job 'Sunray: Cleanup Expired Sessions' (41) completed 
