
 ⛅️ wrangler 3.114.13 (update available 4.28.1)
-----------------------------------------------

[33m▲ [43;33m[[43;30mWARNING[43;33m][0m [1mThe version of Wrangler you are using is now out-of-date.[0m

  Please update to the latest version to prevent critical errors.
  Run `npm install --save-dev wrangler@4` to update to the latest version.
  After installation, run Wrangler with `npx wrangler`.


Using vars defined in .dev.vars
Your Worker and resources are simulated locally via Miniflare. For more information, see: https://developers.cloudflare.com/workers/testing/local-development.

Your worker has access to the following bindings:
- KV Namespaces:
  - CONFIG_CACHE: sunray_config_cache_preview [simulated locally]
  - SESSIONS: sunray_sessions_preview [simulated locally]
  - CHALLENGES: sunray_challenges_preview [simulated locally]
- Vars:
  - ADMIN_API_ENDPOINT: "https://sunray-server-dev-cyril.pack8..."
  - RP_ID: "wrkr-sunray18-main-dev-cmorisse.msa2...."
  - RP_NAME: "Sunray Authentication"
  - CACHE_TTL: "300"
  - SESSION_TTL: "86400"
  - CHALLENGE_TTL: "300"
  - WORKER_ID: "sunray-worker-001"
  - ADMIN_API_KEY: "(hidden)"
  - SESSION_SECRET: "(hidden)"
⎔ Starting local server...
[31m✘ [41;31m[[41;97mERROR[41;31m][0m [1m*** Fatal uncaught kj::Exception: kj/async-io-unix.c++:945: failed: ::bind(sockfd, &addr.generic, addrlen): Address already in use; toString() = 0.0.0.0:8787[0m


[31m✘ [41;31m[[41;97mERROR[41;31m][0m [1mstack: /opt/muppy/appserver-sunray18/sunray_worker/node_modules/@cloudflare/workerd-linux-64/bin/workerd@43b2527 /opt/muppy/appserver-sunray18/sunray_worker/node_modules/@cloudflare/workerd-linux-64/bin/workerd@43b2319 /opt/muppy/appserver-sunray18/sunray_worker/node_modules/@cloudflare/workerd-linux-64/bin/workerd@43b07fc /opt/muppy/appserver-sunray18/sunray_worker/node_modules/@cloudflare/workerd-linux-64/bin/workerd@1b7c7f5 /opt/muppy/appserver-sunray18/sunray_worker/node_modules/@cloudflare/workerd-linux-64/bin/workerd@1b7d19b /opt/muppy/appserver-sunray18/sunray_worker/node_modules/@cloudflare/workerd-linux-64/bin/workerd@1b7db63 /opt/muppy/appserver-sunray18/sunray_worker/node_modules/@cloudflare/workerd-linux-64/bin/workerd@1b7e4aa /opt/muppy/appserver-sunray18/sunray_worker/node_modules/@cloudflare/workerd-linux-64/bin/workerd@1afdb5a /opt/muppy/appserver-sunray18/sunray_worker/node_modules/@cloudflare/workerd-linux-64/bin/workerd@43e2136 /opt/muppy/appserver-sunray18/sunray_worker/node_modules/@cloudflare/workerd-linux-64/bin/workerd@43e2577 /opt/muppy/appserver-sunray18/sunray_worker/node_modules/@cloudflare/workerd-linux-64/bin/workerd@43e0378 /opt/muppy/appserver-sunray18/sunray_worker/node_modules/@cloudflare/workerd-linux-64/bin/workerd@43e007c /opt/muppy/appserver-sunray18/sunray_worker/node_modules/@cloudflare/workerd-linux-64/bin/workerd@1ae8bb6 /lib/x86_64-linux-gnu/libc.so.6@2a1c9 /lib/x86_64-linux-gnu/libc.so.6@2a28a /opt/muppy/appserver-sunray18/sunray_worker/node_modules/@cloudflare/workerd-linux-64/bin/workerd@1ae8024[0m



[31m✘ [41;31m[[41;97mERROR[41;31m][0m [1mThe Workers runtime failed to start. There is likely additional logging output above.[0m


[32mIf you think this is a bug then please create an issue at https://github.com/cloudflare/workers-sdk/issues/new/choose[0m
Note that there is a newer version of Wrangler available (4.28.1). Consider checking whether upgrading resolves this error.
? Would you like to report this error to Cloudflare? Wrangler's output and the error details will be shared with the Wrangler team to help us diagnose and fix the issue.
🤖 Using fallback value in non-interactive context: no
🪵  Logs were written to "/home/muppy/.config/.wrangler/logs/wrangler-2025-08-11_18-32-16_607.log"
